<?xml version="1.0" encoding="UTF-8"?>
<testsuite xmlns:xsi="http://www.w3.org/2001/XMLSchema-instance" xsi:noNamespaceSchemaLocation="https://maven.apache.org/surefire/maven-surefire-plugin/xsd/surefire-test-report.xsd" version="3.0.2" name="sks.dsa.tree.bst.base.iterator.binaryTree.ordered.InOrderBinaryTreeIteratorTest" time="0.089" tests="1" errors="0" skipped="0" failures="0">
  <properties>
[...]
</properties>
  <testcase name="testIterationOrder" classname="sks.dsa.tree.bst.base.iterator.binaryTree.ordered.InOrderBinaryTreeIteratorTest" time="0.059">
    <system-out><![CDATA[1
2
3
4
5
6
7
1
2
3
4
5
6
7
]]></system-out>
  </testcase>
</testsuite>